<?xml version="1.0" encoding="UTF-8"?>
<testng-results ignored="1" total="3" passed="2" failed="0" skipped="0">
  <reporter-output>
    <line>
      <![CDATA[register test script executed sucessfully]]>
    </line>
    <line>
      <![CDATA[Login test script executed sucessfully]]>
    </line>
  </reporter-output>
  <suite started-at="2024-12-16T08:36:16Z" name="Default suite" finished-at="2024-12-16T08:36:16Z" duration-ms="113">
    <groups>
    </groups>
    <test started-at="2024-12-16T08:36:16Z" name="Default test" finished-at="2024-12-16T08:36:16Z" duration-ms="113">
      <class name="learningTestng.FirstTestNg">
        <test-method signature="register()[pri:0, instance:learningTestng.FirstTestNg@5ef5c734]" started-at="2024-12-16T08:36:16Z" name="register" finished-at="2024-12-16T08:36:16Z" duration-ms="34" status="PASS">
          <reporter-output>
            <line>
              <![CDATA[register test script executed sucessfully]]>
            </line>
          </reporter-output>
        </test-method> <!-- register -->
        <test-method signature="login()[pri:0, instance:learningTestng.FirstTestNg@5ef5c734]" started-at="2024-12-16T08:36:16Z" name="login" finished-at="2024-12-16T08:36:16Z" depends-on-methods="learningTestng.FirstTestNg.register" duration-ms="6" status="PASS">
          <reporter-output>
            <line>
              <![CDATA[Login test script executed sucessfully]]>
            </line>
          </reporter-output>
        </test-method> <!-- login -->
      </class> <!-- learningTestng.FirstTestNg -->
    </test> <!-- Default test -->
  </suite> <!-- Default suite -->
</testng-results>
