<?xml version="1.0" encoding="UTF-8"?>
<!-- Generated by org.testng.reporters.JUnitXMLReporter -->
<testsuite ignored="1" hostname="LAPTOP-EEAS1CV9" failures="0" tests="2" name="Default test" time="0.113" errors="0" timestamp="16 Dec 2024 08:36:16 GMT">
  <testcase classname="learningTestng.FirstTestNg" name="register" time="0.034"/>
  <testcase classname="learningTestng.FirstTestNg" name="login" time="0.006"/>
  <testcase classname="learningTestng.FirstTestNg" name="addToCart" time="0.0">
    <ignored/>
  </testcase> <!-- addToCart -->
</testsuite> <!-- Default test -->
